<?xml version="1.0" encoding="UTF-8"?>
<!-- Generated by org.testng.reporters.JUnitXMLReporter -->
<testsuite hostname="onyxnode71.boisestate.edu" ignored="0" tests="3" failures="0" timestamp="03 Oct 2017 06:17:37 GMT" time="0.057" errors="0">
  <testcase name="testGetHeapSize" time="0.014" classname="MaxHeapTest_1_oneElement_extract"/>
  <testcase name="testIsEmpty" time="0.007" classname="MaxHeapTest_1_oneElement_extract"/>
  <testcase name="testMaxHeapInsert" time="0.0" classname="MaxHeapTest_1_oneElement_extract"/>
</testsuite>
