<?xml version="1.0" encoding="UTF-8"?>
<testng-results skipped="0" failed="2" total="38" passed="36">
  <reporter-output>
  </reporter-output>
  <suite name="Sort Testing" duration-ms="302" started-at="2016-12-10T05:50:01Z" finished-at="2016-12-10T05:50:01Z">
    <groups>
    </groups>
    <test name="SortTest" duration-ms="302" started-at="2016-12-10T05:50:01Z" finished-at="2016-12-10T05:50:01Z">
      <class name="SortTest">
        <test-method status="PASS" signature="init(java.lang.String)[pri:0, instance:SortTest@5ae9a829]" name="init" is-config="true" duration-ms="7" started-at="2016-12-09T22:50:01Z" finished-at="2016-12-09T22:50:01Z">
          <params>
            <param index="0">
              <value>
                <![CDATA[WrappedDLL]]>
              </value>
            </param>
          </params>
          <reporter-output>
          </reporter-output>
        </test-method> <!-- init -->
        <test-method status="PASS" signature="testSortComparator_A()[pri:0, instance:SortTest@5ae9a829]" name="testSortComparator_A" duration-ms="6" started-at="2016-12-09T22:50:01Z" finished-at="2016-12-09T22:50:01Z">
          <reporter-output>
          </reporter-output>
        </test-method> <!-- testSortComparator_A -->
        <test-method status="PASS" signature="testSortComparator_AA()[pri:0, instance:SortTest@5ae9a829]" name="testSortComparator_AA" duration-ms="3" started-at="2016-12-09T22:50:01Z" finished-at="2016-12-09T22:50:01Z">
          <reporter-output>
          </reporter-output>
        </test-method> <!-- testSortComparator_AA -->
        <test-method status="PASS" signature="testSortComparator_AAB()[pri:0, instance:SortTest@5ae9a829]" name="testSortComparator_AAB" duration-ms="1" started-at="2016-12-09T22:50:01Z" finished-at="2016-12-09T22:50:01Z">
          <reporter-output>
          </reporter-output>
        </test-method> <!-- testSortComparator_AAB -->
        <test-method status="PASS" signature="testSortComparator_AB()[pri:0, instance:SortTest@5ae9a829]" name="testSortComparator_AB" duration-ms="0" started-at="2016-12-09T22:50:01Z" finished-at="2016-12-09T22:50:01Z">
          <reporter-output>
          </reporter-output>
        </test-method> <!-- testSortComparator_AB -->
        <test-method status="PASS" signature="testSortComparator_ABA()[pri:0, instance:SortTest@5ae9a829]" name="testSortComparator_ABA" duration-ms="1" started-at="2016-12-09T22:50:01Z" finished-at="2016-12-09T22:50:01Z">
          <reporter-output>
          </reporter-output>
        </test-method> <!-- testSortComparator_ABA -->
        <test-method status="PASS" signature="testSortComparator_ABC()[pri:0, instance:SortTest@5ae9a829]" name="testSortComparator_ABC" duration-ms="1" started-at="2016-12-09T22:50:01Z" finished-at="2016-12-09T22:50:01Z">
          <reporter-output>
          </reporter-output>
        </test-method> <!-- testSortComparator_ABC -->
        <test-method status="PASS" signature="testSortComparator_ACB()[pri:0, instance:SortTest@5ae9a829]" name="testSortComparator_ACB" duration-ms="1" started-at="2016-12-09T22:50:01Z" finished-at="2016-12-09T22:50:01Z">
          <reporter-output>
          </reporter-output>
        </test-method> <!-- testSortComparator_ACB -->
        <test-method status="PASS" signature="testSortComparator_BA()[pri:0, instance:SortTest@5ae9a829]" name="testSortComparator_BA" duration-ms="1" started-at="2016-12-09T22:50:01Z" finished-at="2016-12-09T22:50:01Z">
          <reporter-output>
          </reporter-output>
        </test-method> <!-- testSortComparator_BA -->
        <test-method status="PASS" signature="testSortComparator_BAA()[pri:0, instance:SortTest@5ae9a829]" name="testSortComparator_BAA" duration-ms="1" started-at="2016-12-09T22:50:01Z" finished-at="2016-12-09T22:50:01Z">
          <reporter-output>
          </reporter-output>
        </test-method> <!-- testSortComparator_BAA -->
        <test-method status="PASS" signature="testSortComparator_BAB()[pri:0, instance:SortTest@5ae9a829]" name="testSortComparator_BAB" duration-ms="1" started-at="2016-12-09T22:50:01Z" finished-at="2016-12-09T22:50:01Z">
          <reporter-output>
          </reporter-output>
        </test-method> <!-- testSortComparator_BAB -->
        <test-method status="PASS" signature="testSortComparator_BAC()[pri:0, instance:SortTest@5ae9a829]" name="testSortComparator_BAC" duration-ms="0" started-at="2016-12-09T22:50:01Z" finished-at="2016-12-09T22:50:01Z">
          <reporter-output>
          </reporter-output>
        </test-method> <!-- testSortComparator_BAC -->
        <test-method status="PASS" signature="testSortComparator_BCA()[pri:0, instance:SortTest@5ae9a829]" name="testSortComparator_BCA" duration-ms="1" started-at="2016-12-09T22:50:01Z" finished-at="2016-12-09T22:50:01Z">
          <reporter-output>
          </reporter-output>
        </test-method> <!-- testSortComparator_BCA -->
        <test-method status="PASS" signature="testSortComparator_BDAC()[pri:0, instance:SortTest@5ae9a829]" name="testSortComparator_BDAC" duration-ms="1" started-at="2016-12-09T22:50:01Z" finished-at="2016-12-09T22:50:01Z">
          <reporter-output>
          </reporter-output>
        </test-method> <!-- testSortComparator_BDAC -->
        <test-method status="FAIL" signature="testSortComparator_BigList()[pri:0, instance:SortTest@5ae9a829]" name="testSortComparator_BigList" duration-ms="89" started-at="2016-12-09T22:50:01Z" finished-at="2016-12-09T22:50:01Z">
          <exception class="java.lang.AssertionError">
            <message>
              <![CDATA[expected [true] but found [false]]]>
            </message>
            <full-stacktrace>
              <![CDATA[java.lang.AssertionError: expected [true] but found [false]
	at org.testng.Assert.fail(Assert.java:94)
	at org.testng.Assert.failNotEquals(Assert.java:513)
	at org.testng.Assert.assertTrue(Assert.java:42)
	at org.testng.Assert.assertTrue(Assert.java:52)
	at Sort_TestCase.sort(Sort_TestCase.java:93)
	at SortTest.testSortComparator_BigList(SortTest.java:508)
	at sun.reflect.NativeMethodAccessorImpl.invoke0(Native Method)
	at sun.reflect.NativeMethodAccessorImpl.invoke(NativeMethodAccessorImpl.java:62)
	at sun.reflect.DelegatingMethodAccessorImpl.invoke(DelegatingMethodAccessorImpl.java:43)
	at java.lang.reflect.Method.invoke(Method.java:497)
	at org.testng.internal.MethodInvocationHelper.invokeMethod(MethodInvocationHelper.java:100)
	at org.testng.internal.Invoker.invokeMethod(Invoker.java:646)
	at org.testng.internal.Invoker.invokeTestMethod(Invoker.java:811)
	at org.testng.internal.Invoker.invokeTestMethods(Invoker.java:1137)
	at org.testng.internal.TestMethodWorker.invokeTestMethods(TestMethodWorker.java:129)
	at org.testng.internal.TestMethodWorker.run(TestMethodWorker.java:112)
	at org.testng.TestRunner.privateRun(TestRunner.java:753)
	at org.testng.TestRunner.run(TestRunner.java:607)
	at org.testng.SuiteRunner.runTest(SuiteRunner.java:368)
	at org.testng.SuiteRunner.runSequentially(SuiteRunner.java:363)
	at org.testng.SuiteRunner.privateRun(SuiteRunner.java:321)
	at org.testng.SuiteRunner.run(SuiteRunner.java:270)
	at org.testng.SuiteRunnerWorker.runSuite(SuiteRunnerWorker.java:52)
	at org.testng.SuiteRunnerWorker.run(SuiteRunnerWorker.java:86)
	at org.testng.TestNG.runSuitesSequentially(TestNG.java:1284)
	at org.testng.TestNG.runSuitesLocally(TestNG.java:1209)
	at org.testng.TestNG.runSuites(TestNG.java:1124)
	at org.testng.TestNG.run(TestNG.java:1096)
	at org.testng.remote.AbstractRemoteTestNG.run(AbstractRemoteTestNG.java:132)
	at org.testng.remote.RemoteTestNG.initAndRun(RemoteTestNG.java:236)
	at org.testng.remote.RemoteTestNG.main(RemoteTestNG.java:81)
]]>
            </full-stacktrace>
          </exception> <!-- java.lang.AssertionError -->
          <reporter-output>
          </reporter-output>
        </test-method> <!-- testSortComparator_BigList -->
        <test-method status="PASS" signature="testSortComparator_CAB()[pri:0, instance:SortTest@5ae9a829]" name="testSortComparator_CAB" duration-ms="0" started-at="2016-12-09T22:50:01Z" finished-at="2016-12-09T22:50:01Z">
          <reporter-output>
          </reporter-output>
        </test-method> <!-- testSortComparator_CAB -->
        <test-method status="PASS" signature="testSortComparator_CACB()[pri:0, instance:SortTest@5ae9a829]" name="testSortComparator_CACB" duration-ms="1" started-at="2016-12-09T22:50:01Z" finished-at="2016-12-09T22:50:01Z">
          <reporter-output>
          </reporter-output>
        </test-method> <!-- testSortComparator_CACB -->
        <test-method status="PASS" signature="testSortComparator_CADB()[pri:0, instance:SortTest@5ae9a829]" name="testSortComparator_CADB" duration-ms="0" started-at="2016-12-09T22:50:01Z" finished-at="2016-12-09T22:50:01Z">
          <reporter-output>
          </reporter-output>
        </test-method> <!-- testSortComparator_CADB -->
        <test-method status="PASS" signature="testSortComparator_CBA()[pri:0, instance:SortTest@5ae9a829]" name="testSortComparator_CBA" duration-ms="1" started-at="2016-12-09T22:50:01Z" finished-at="2016-12-09T22:50:01Z">
          <reporter-output>
          </reporter-output>
        </test-method> <!-- testSortComparator_CBA -->
        <test-method status="PASS" signature="testSortComparator_newList()[pri:0, instance:SortTest@5ae9a829]" name="testSortComparator_newList" duration-ms="0" started-at="2016-12-09T22:50:01Z" finished-at="2016-12-09T22:50:01Z">
          <reporter-output>
          </reporter-output>
        </test-method> <!-- testSortComparator_newList -->
        <test-method status="PASS" signature="testSort_A()[pri:0, instance:SortTest@5ae9a829]" name="testSort_A" duration-ms="0" started-at="2016-12-09T22:50:01Z" finished-at="2016-12-09T22:50:01Z">
          <reporter-output>
          </reporter-output>
        </test-method> <!-- testSort_A -->
        <test-method status="PASS" signature="testSort_AA()[pri:0, instance:SortTest@5ae9a829]" name="testSort_AA" duration-ms="1" started-at="2016-12-09T22:50:01Z" finished-at="2016-12-09T22:50:01Z">
          <reporter-output>
          </reporter-output>
        </test-method> <!-- testSort_AA -->
        <test-method status="PASS" signature="testSort_AAB()[pri:0, instance:SortTest@5ae9a829]" name="testSort_AAB" duration-ms="0" started-at="2016-12-09T22:50:01Z" finished-at="2016-12-09T22:50:01Z">
          <reporter-output>
          </reporter-output>
        </test-method> <!-- testSort_AAB -->
        <test-method status="PASS" signature="testSort_AB()[pri:0, instance:SortTest@5ae9a829]" name="testSort_AB" duration-ms="0" started-at="2016-12-09T22:50:01Z" finished-at="2016-12-09T22:50:01Z">
          <reporter-output>
          </reporter-output>
        </test-method> <!-- testSort_AB -->
        <test-method status="PASS" signature="testSort_ABA()[pri:0, instance:SortTest@5ae9a829]" name="testSort_ABA" duration-ms="1" started-at="2016-12-09T22:50:01Z" finished-at="2016-12-09T22:50:01Z">
          <reporter-output>
          </reporter-output>
        </test-method> <!-- testSort_ABA -->
        <test-method status="PASS" signature="testSort_ABC()[pri:0, instance:SortTest@5ae9a829]" name="testSort_ABC" duration-ms="1" started-at="2016-12-09T22:50:01Z" finished-at="2016-12-09T22:50:01Z">
          <reporter-output>
          </reporter-output>
        </test-method> <!-- testSort_ABC -->
        <test-method status="PASS" signature="testSort_ACB()[pri:0, instance:SortTest@5ae9a829]" name="testSort_ACB" duration-ms="1" started-at="2016-12-09T22:50:01Z" finished-at="2016-12-09T22:50:01Z">
          <reporter-output>
          </reporter-output>
        </test-method> <!-- testSort_ACB -->
        <test-method status="PASS" signature="testSort_BA()[pri:0, instance:SortTest@5ae9a829]" name="testSort_BA" duration-ms="0" started-at="2016-12-09T22:50:01Z" finished-at="2016-12-09T22:50:01Z">
          <reporter-output>
          </reporter-output>
        </test-method> <!-- testSort_BA -->
        <test-method status="PASS" signature="testSort_BAA()[pri:0, instance:SortTest@5ae9a829]" name="testSort_BAA" duration-ms="0" started-at="2016-12-09T22:50:01Z" finished-at="2016-12-09T22:50:01Z">
          <reporter-output>
          </reporter-output>
        </test-method> <!-- testSort_BAA -->
        <test-method status="PASS" signature="testSort_BAB()[pri:0, instance:SortTest@5ae9a829]" name="testSort_BAB" duration-ms="0" started-at="2016-12-09T22:50:01Z" finished-at="2016-12-09T22:50:01Z">
          <reporter-output>
          </reporter-output>
        </test-method> <!-- testSort_BAB -->
        <test-method status="PASS" signature="testSort_BAC()[pri:0, instance:SortTest@5ae9a829]" name="testSort_BAC" duration-ms="0" started-at="2016-12-09T22:50:01Z" finished-at="2016-12-09T22:50:01Z">
          <reporter-output>
          </reporter-output>
        </test-method> <!-- testSort_BAC -->
        <test-method status="PASS" signature="testSort_BCA()[pri:0, instance:SortTest@5ae9a829]" name="testSort_BCA" duration-ms="1" started-at="2016-12-09T22:50:01Z" finished-at="2016-12-09T22:50:01Z">
          <reporter-output>
          </reporter-output>
        </test-method> <!-- testSort_BCA -->
        <test-method status="PASS" signature="testSort_BDAC()[pri:0, instance:SortTest@5ae9a829]" name="testSort_BDAC" duration-ms="1" started-at="2016-12-09T22:50:01Z" finished-at="2016-12-09T22:50:01Z">
          <reporter-output>
          </reporter-output>
        </test-method> <!-- testSort_BDAC -->
        <test-method status="FAIL" signature="testSort_BigList()[pri:0, instance:SortTest@5ae9a829]" name="testSort_BigList" duration-ms="122" started-at="2016-12-09T22:50:01Z" finished-at="2016-12-09T22:50:01Z">
          <exception class="java.lang.AssertionError">
            <message>
              <![CDATA[expected [true] but found [false]]]>
            </message>
            <full-stacktrace>
              <![CDATA[java.lang.AssertionError: expected [true] but found [false]
	at org.testng.Assert.fail(Assert.java:94)
	at org.testng.Assert.failNotEquals(Assert.java:513)
	at org.testng.Assert.assertTrue(Assert.java:42)
	at org.testng.Assert.assertTrue(Assert.java:52)
	at Sort_TestCase.sort(Sort_TestCase.java:77)
	at SortTest.testSort_BigList(SortTest.java:497)
	at sun.reflect.NativeMethodAccessorImpl.invoke0(Native Method)
	at sun.reflect.NativeMethodAccessorImpl.invoke(NativeMethodAccessorImpl.java:62)
	at sun.reflect.DelegatingMethodAccessorImpl.invoke(DelegatingMethodAccessorImpl.java:43)
	at java.lang.reflect.Method.invoke(Method.java:497)
	at org.testng.internal.MethodInvocationHelper.invokeMethod(MethodInvocationHelper.java:100)
	at org.testng.internal.Invoker.invokeMethod(Invoker.java:646)
	at org.testng.internal.Invoker.invokeTestMethod(Invoker.java:811)
	at org.testng.internal.Invoker.invokeTestMethods(Invoker.java:1137)
	at org.testng.internal.TestMethodWorker.invokeTestMethods(TestMethodWorker.java:129)
	at org.testng.internal.TestMethodWorker.run(TestMethodWorker.java:112)
	at org.testng.TestRunner.privateRun(TestRunner.java:753)
	at org.testng.TestRunner.run(TestRunner.java:607)
	at org.testng.SuiteRunner.runTest(SuiteRunner.java:368)
	at org.testng.SuiteRunner.runSequentially(SuiteRunner.java:363)
	at org.testng.SuiteRunner.privateRun(SuiteRunner.java:321)
	at org.testng.SuiteRunner.run(SuiteRunner.java:270)
	at org.testng.SuiteRunnerWorker.runSuite(SuiteRunnerWorker.java:52)
	at org.testng.SuiteRunnerWorker.run(SuiteRunnerWorker.java:86)
	at org.testng.TestNG.runSuitesSequentially(TestNG.java:1284)
	at org.testng.TestNG.runSuitesLocally(TestNG.java:1209)
	at org.testng.TestNG.runSuites(TestNG.java:1124)
	at org.testng.TestNG.run(TestNG.java:1096)
	at org.testng.remote.AbstractRemoteTestNG.run(AbstractRemoteTestNG.java:132)
	at org.testng.remote.RemoteTestNG.initAndRun(RemoteTestNG.java:236)
	at org.testng.remote.RemoteTestNG.main(RemoteTestNG.java:81)
]]>
            </full-stacktrace>
          </exception> <!-- java.lang.AssertionError -->
          <reporter-output>
          </reporter-output>
        </test-method> <!-- testSort_BigList -->
        <test-method status="PASS" signature="testSort_CAB()[pri:0, instance:SortTest@5ae9a829]" name="testSort_CAB" duration-ms="1" started-at="2016-12-09T22:50:01Z" finished-at="2016-12-09T22:50:01Z">
          <reporter-output>
          </reporter-output>
        </test-method> <!-- testSort_CAB -->
        <test-method status="PASS" signature="testSort_CACB()[pri:0, instance:SortTest@5ae9a829]" name="testSort_CACB" duration-ms="1" started-at="2016-12-09T22:50:01Z" finished-at="2016-12-09T22:50:01Z">
          <reporter-output>
          </reporter-output>
        </test-method> <!-- testSort_CACB -->
        <test-method status="PASS" signature="testSort_CADB()[pri:0, instance:SortTest@5ae9a829]" name="testSort_CADB" duration-ms="5" started-at="2016-12-09T22:50:01Z" finished-at="2016-12-09T22:50:01Z">
          <reporter-output>
          </reporter-output>
        </test-method> <!-- testSort_CADB -->
        <test-method status="PASS" signature="testSort_CBA()[pri:0, instance:SortTest@5ae9a829]" name="testSort_CBA" duration-ms="2" started-at="2016-12-09T22:50:01Z" finished-at="2016-12-09T22:50:01Z">
          <reporter-output>
          </reporter-output>
        </test-method> <!-- testSort_CBA -->
        <test-method status="PASS" signature="testSort_newList()[pri:0, instance:SortTest@5ae9a829]" name="testSort_newList" duration-ms="1" started-at="2016-12-09T22:50:01Z" finished-at="2016-12-09T22:50:01Z">
          <reporter-output>
          </reporter-output>
        </test-method> <!-- testSort_newList -->
      </class> <!-- SortTest -->
    </test> <!-- SortTest -->
  </suite> <!-- Sort Testing -->
</testng-results>
